INFO    : PreTeXt-CLI version: 2.6.0

INFO    : PreTeXt project found in `/workspaces/PrecalcReviewMaterials`.
WARNING : Using CLI version 2.6.0 but project's `requirements.txt`
WARNING : is configured to use 1.7.5. Consider either installing
WARNING : CLI version 1.7.5 or running `pretext init --refresh`
WARNING : to update `requirements.txt` to match 2.6.0.
INFO    : Building target web
INFO    : converting latex-image pictures from /workspaces/PrecalcReviewMaterials/source/main.ptx to svg graphics for placement in /workspaces/PrecalcReviewMaterials/generated-assets/latex-image
INFO    : extracting latex-image pictures from /workspaces/PrecalcReviewMaterials/source/main.ptx
INFO    : string parameters passed to extraction stylesheet: {'publisher': '/workspaces/PrecalcReviewMaterials/publication/publication.ptx', 'subtree': 'fig-singraph'}
INFO    : discovering source file's directory name: /workspaces/PrecalcReviewMaterials/source
INFO    : verifying and expanding input directory: /workspaces/PrecalcReviewMaterials/source/../generated-assets
INFO    : input directory expanded to absolute path: /workspaces/PrecalcReviewMaterials/generated-assets
INFO    : verifying and expanding input directory: /workspaces/PrecalcReviewMaterials/source/../assets
INFO    : input directory expanded to absolute path: /workspaces/PrecalcReviewMaterials/assets
INFO    : XSL conversion of /workspaces/PrecalcReviewMaterials/source/main.ptx by /home/vscode/.ptx/2.6.0/core/xsl/extract-latex-image.xsl
INFO    : successful application of /home/vscode/.ptx/2.6.0/core/xsl/extract-latex-image.xsl
INFO    : converting fig-singraph-1.tex to fig-singraph-1.pdf
INFO    : cropping fig-singraph-1.pdf to cropped-fig-singraph-1.pdf
INFO    : renaming cropped-fig-singraph-1.pdf to fig-singraph-1.pdf
INFO    : converting fig-singraph-1.pdf to fig-singraph-1.svg
INFO    : Removing temporary directory /tmp/ptx-435da6ti
INFO    : Preparing to build into /workspaces/PrecalcReviewMaterials/output/web.
INFO    : discovering source file's directory name: /workspaces/PrecalcReviewMaterials/source
INFO    : verifying and expanding input directory: /workspaces/PrecalcReviewMaterials/source/../generated-assets
INFO    : input directory expanded to absolute path: /workspaces/PrecalcReviewMaterials/generated-assets
INFO    : verifying and expanding input directory: /workspaces/PrecalcReviewMaterials/source/../assets
INFO    : input directory expanded to absolute path: /workspaces/PrecalcReviewMaterials/assets
INFO    : Runestone Services (via PreTeXt repository): version 7.3.0
INFO    : Runestone Services (using newer, via online CDN query): version 7.3.3
INFO    : converting /workspaces/PrecalcReviewMaterials/source/main.ptx to HTML in /tmp/ptx-02gm87pq
INFO    : XSL conversion of /workspaces/PrecalcReviewMaterials/source/main.ptx by /home/vscode/.ptx/2.6.0/core/xsl/pretext-html.xsl
INFO    : successful application of /home/vscode/.ptx/2.6.0/core/xsl/pretext-html.xsl
INFO    : 
Success! Run `pretext view` to see the results.

INFO    : 
