INFO    : PreTeXt-CLI version: 2.6.0

INFO    : PreTeXt project found in `/workspaces/PrecalcReviewMaterials`.
WARNING : Using CLI version 2.6.0 but project's `requirements.txt`
WARNING : is configured to use 1.7.5. Consider either installing
WARNING : CLI version 1.7.5 or running `pretext init --refresh`
WARNING : to update `requirements.txt` to match 2.6.0.
INFO    : Building target web
ERROR   : XInclude Error caused build to fail:
ERROR   : /workspaces/PrecalcReviewMaterials/source/trigonometry.ptx:1701:24:FATAL:PARSER:ERR_ATTRIBUTE_NOT_STARTED: AttValue: " or ' expected
/workspaces/PrecalcReviewMaterials/source/trigonometry.ptx:1701:24:FATAL:PARSER:ERR_SPACE_REQUIRED: attributes construct error
/workspaces/PrecalcReviewMaterials/source/trigonometry.ptx:1701:24:FATAL:PARSER:ERR_GT_REQUIRED: Couldn't find end of Start Tag image line 1701
/workspaces/PrecalcReviewMaterials/source/trigonometry.ptx:1712:17:FATAL:PARSER:ERR_TAG_NAME_MISMATCH: Opening and ending tag mismatch: statement line 1698 and image
/workspaces/PrecalcReviewMaterials/source/trigonometry.ptx:1718:19:FATAL:PARSER:ERR_TAG_NAME_MISMATCH: Opening and ending tag mismatch: webwork line 1688 and statement
/workspaces/PrecalcReviewMaterials/source/trigonometry.ptx:1719:15:FATAL:PARSER:ERR_TAG_NAME_MISMATCH: Opening and ending tag mismatch: exercise line 1687 and webwork
/workspaces/PrecalcReviewMaterials/source/trigonometry.ptx:1720:14:FATAL:PARSER:ERR_TAG_NAME_MISMATCH: Opening and ending tag mismatch: section line 1467 and exercise
/workspaces/PrecalcReviewMaterials/source/trigonometry.ptx:1757:11:FATAL:PARSER:ERR_TAG_NAME_MISMATCH: Opening and ending tag mismatch: chapter line 1 and section
/workspaces/PrecalcReviewMaterials/source/trigonometry.ptx:1758:1:FATAL:PARSER:ERR_DOCUMENT_END: Extra content at the end of the document
/workspaces/PrecalcReviewMaterials/source/main.ptx:52:0:ERROR:XINCLUDE:XINCLUDE_NO_FALLBACK: could not load /workspaces/PrecalcReviewMaterials/source/trigonometry.ptx, and no fallback was found
CRITICAL: XML syntax for source file is invalid
INFO    : ------------------------
CRITICAL: Failed to build.  Exiting...
INFO    : 
----------------------------------------------------
INFO    : While running pretext, the following errors occurred:

INFO    : (see log messages above or in the 'logs' folder for more information)
INFO    : ----------------------------------------------------
