INFO    : PreTeXt-CLI version: 2.6.0

INFO    : PreTeXt project found in `/workspaces/PrecalcReviewMaterials`.
WARNING : Using CLI version 2.6.0 but project's `requirements.txt`
WARNING : is configured to use 1.7.5. Consider either installing
WARNING : CLI version 1.7.5 or running `pretext init --refresh`
WARNING : to update `requirements.txt` to match 2.6.0.
INFO    : Building target web
ERROR   : XInclude Error caused build to fail:
ERROR   : /workspaces/PrecalcReviewMaterials/source/trigonometry.ptx:1700:16:FATAL:PARSER:ERR_NAME_REQUIRED: error parsing attribute name
/workspaces/PrecalcReviewMaterials/source/trigonometry.ptx:1700:16:FATAL:PARSER:ERR_SPACE_REQUIRED: attributes construct error
/workspaces/PrecalcReviewMaterials/source/trigonometry.ptx:1700:16:FATAL:PARSER:ERR_GT_REQUIRED: Couldn't find end of Start Tag image line 1700
/workspaces/PrecalcReviewMaterials/source/main.ptx:52:0:ERROR:XINCLUDE:XINCLUDE_NO_FALLBACK: could not load /workspaces/PrecalcReviewMaterials/source/trigonometry.ptx, and no fallback was found
CRITICAL: XML syntax for source file is invalid
INFO    : ------------------------
CRITICAL: Failed to build.  Exiting...
INFO    : 
----------------------------------------------------
INFO    : While running pretext, the following errors occurred:

INFO    : (see log messages above or in the 'logs' folder for more information)
INFO    : ----------------------------------------------------
